<?xml version="1.0" encoding="UTF-8"?>
<!-- Generated by org.testng.reporters.JUnitXMLReporter -->
<testsuite ignored="0" hostname="DESKTOP-TJVM91P" failures="0" tests="3" name="Test" time="54.633" errors="0" timestamp="2020-08-31T15:56:18 BST">
  <testcase classname="remoteTesting.dockerValidation.chromeTest1" name="test1" time="3.603"/>
  <testcase classname="remoteTesting.dockerValidation.chromeTest2" name="test1" time="4.523"/>
  <testcase classname="remoteTesting.dockerValidation.chromeTest3" name="test1" time="4.842"/>
</testsuite> <!-- Test -->
