<?xml version="1.0" encoding="UTF-8"?>
<!-- Generated by org.testng.reporters.JUnitXMLReporter -->
<testsuite ignored="0" hostname="DESKTOP-TJVM91P" failures="0" tests="3" name="Test" time="54.661" errors="0" timestamp="2020-08-31T17:22:06 BST">
  <testcase classname="remoteTesting.dockerValidation.chromeTest1" name="test1" time="3.825"/>
  <testcase classname="remoteTesting.dockerValidation.chromeTest2" name="test1" time="4.566"/>
  <testcase classname="remoteTesting.dockerValidation.chromeTest3" name="test1" time="4.713"/>
</testsuite> <!-- Test -->
