<?xml version="1.0" encoding="UTF-8"?>
<testng-results ignored="0" total="3" passed="3" failed="0" skipped="0">
  <reporter-output>
  </reporter-output>
  <suite started-at="2020-08-31T17:21:11 BST" name="Suite" finished-at="2020-08-31T17:22:06 BST" duration-ms="54661">
    <groups>
    </groups>
    <test started-at="2020-08-31T17:21:11 BST" name="Test" finished-at="2020-08-31T17:22:06 BST" duration-ms="54661">
      <class name="remoteTesting.dockerValidation.chromeTest1">
        <test-method is-config="true" signature="startDockerScale()[pri:0, instance:remoteTesting.dockerValidation.chromeTest1@2ed0fbae]" started-at="2020-08-31T17:21:11 BST" name="startDockerScale" finished-at="2020-08-31T17:21:31 BST" duration-ms="19921" status="PASS">
          <reporter-output>
          </reporter-output>
        </test-method> <!-- startDockerScale -->
        <test-method signature="test1()[pri:0, instance:remoteTesting.dockerValidation.chromeTest1@2ed0fbae]" started-at="2020-08-31T17:21:31 BST" name="test1" finished-at="2020-08-31T17:21:35 BST" duration-ms="3825" status="PASS">
          <reporter-output>
          </reporter-output>
        </test-method> <!-- test1 -->
        <test-method is-config="true" signature="stopDockerDeleteFile()[pri:0, instance:remoteTesting.dockerValidation.chromeTest1@2ed0fbae]" started-at="2020-08-31T17:21:36 BST" name="stopDockerDeleteFile" finished-at="2020-08-31T17:22:06 BST" duration-ms="30004" status="PASS">
          <reporter-output>
          </reporter-output>
        </test-method> <!-- stopDockerDeleteFile -->
      </class> <!-- remoteTesting.dockerValidation.chromeTest1 -->
      <class name="remoteTesting.dockerValidation.chromeTest2">
        <test-method signature="test1()[pri:0, instance:remoteTesting.dockerValidation.chromeTest2@212bf671]" started-at="2020-08-31T17:21:31 BST" name="test1" finished-at="2020-08-31T17:21:36 BST" duration-ms="4566" status="PASS">
          <reporter-output>
          </reporter-output>
        </test-method> <!-- test1 -->
      </class> <!-- remoteTesting.dockerValidation.chromeTest2 -->
      <class name="remoteTesting.dockerValidation.chromeTest3">
        <test-method signature="test1()[pri:0, instance:remoteTesting.dockerValidation.chromeTest3@14a2f921]" started-at="2020-08-31T17:21:31 BST" name="test1" finished-at="2020-08-31T17:21:36 BST" duration-ms="4713" status="PASS">
          <reporter-output>
          </reporter-output>
        </test-method> <!-- test1 -->
      </class> <!-- remoteTesting.dockerValidation.chromeTest3 -->
    </test> <!-- Test -->
  </suite> <!-- Suite -->
</testng-results>
