<?xml version="1.0" encoding="UTF-8"?>
<testng-results ignored="0" total="3" passed="3" failed="0" skipped="0">
  <reporter-output>
  </reporter-output>
  <suite started-at="2020-08-31T15:55:24 BST" name="Suite" finished-at="2020-08-31T15:56:18 BST" duration-ms="54633">
    <groups>
    </groups>
    <test started-at="2020-08-31T15:55:24 BST" name="Test" finished-at="2020-08-31T15:56:18 BST" duration-ms="54633">
      <class name="remoteTesting.dockerValidation.chromeTest1">
        <test-method is-config="true" signature="startDockerScale()[pri:0, instance:remoteTesting.dockerValidation.chromeTest1@54c562f7]" started-at="2020-08-31T15:55:24 BST" name="startDockerScale" finished-at="2020-08-31T15:55:43 BST" duration-ms="19761" status="PASS">
          <reporter-output>
          </reporter-output>
        </test-method> <!-- startDockerScale -->
        <test-method signature="test1()[pri:0, instance:remoteTesting.dockerValidation.chromeTest1@54c562f7]" started-at="2020-08-31T15:55:43 BST" name="test1" finished-at="2020-08-31T15:55:47 BST" duration-ms="3603" status="PASS">
          <reporter-output>
          </reporter-output>
        </test-method> <!-- test1 -->
        <test-method is-config="true" signature="stopDockerDeleteFile()[pri:0, instance:remoteTesting.dockerValidation.chromeTest1@54c562f7]" started-at="2020-08-31T15:55:48 BST" name="stopDockerDeleteFile" finished-at="2020-08-31T15:56:18 BST" duration-ms="30003" status="PASS">
          <reporter-output>
          </reporter-output>
        </test-method> <!-- stopDockerDeleteFile -->
      </class> <!-- remoteTesting.dockerValidation.chromeTest1 -->
      <class name="remoteTesting.dockerValidation.chromeTest2">
        <test-method signature="test1()[pri:0, instance:remoteTesting.dockerValidation.chromeTest2@318ba8c8]" started-at="2020-08-31T15:55:43 BST" name="test1" finished-at="2020-08-31T15:55:48 BST" duration-ms="4523" status="PASS">
          <reporter-output>
          </reporter-output>
        </test-method> <!-- test1 -->
      </class> <!-- remoteTesting.dockerValidation.chromeTest2 -->
      <class name="remoteTesting.dockerValidation.chromeTest3">
        <test-method signature="test1()[pri:0, instance:remoteTesting.dockerValidation.chromeTest3@6dbb137d]" started-at="2020-08-31T15:55:43 BST" name="test1" finished-at="2020-08-31T15:55:48 BST" duration-ms="4842" status="PASS">
          <reporter-output>
          </reporter-output>
        </test-method> <!-- test1 -->
      </class> <!-- remoteTesting.dockerValidation.chromeTest3 -->
    </test> <!-- Test -->
  </suite> <!-- Suite -->
</testng-results>
